<?xml version="1.0" encoding="UTF-8"?>
<!-- Generated by org.testng.reporters.JUnitXMLReporter -->
<testsuite ignored="0" hostname="LAPTOP-DK6TK74Q" failures="0" tests="3" name="Default test" time="106.258" errors="0" timestamp="2021-11-01T16:51:07 IST">
  <testcase classname="com.vTiger.testcases.CreateOrganisationTest" name="createOrganisationTest" time="24.364"/>
  <testcase classname="com.vTiger.testcases.CreateOrganisationTest" name="createOrganisationTest" time="17.06"/>
  <testcase classname="com.vTiger.testcases.CreateOrganisationTest" name="createOrganisationTest" time="17.212"/>
</testsuite> <!-- Default test -->
