<?xml version="1.0" encoding="UTF-8"?>
<testng-results ignored="0" total="1" passed="1" failed="0" skipped="0">
  <reporter-output>
  </reporter-output>
  <suite started-at="2021-10-29T12:38:19 IST" name="Default suite" finished-at="2021-10-29T12:39:09 IST" duration-ms="50602">
    <groups>
    </groups>
    <test started-at="2021-10-29T12:38:19 IST" name="Default test" finished-at="2021-10-29T12:39:09 IST" duration-ms="50602">
      <class name="com.vTiger.testcases.CreateContactWithOrganisation">
        <test-method signature="createContactWithOrganisation()[pri:0, instance:com.vTiger.testcases.CreateContactWithOrganisation@18ce0030]" started-at="2021-10-29T12:38:19 IST" name="createContactWithOrganisation" finished-at="2021-10-29T12:39:09 IST" duration-ms="50536" status="PASS">
          <reporter-output>
          </reporter-output>
        </test-method> <!-- createContactWithOrganisation -->
      </class> <!-- com.vTiger.testcases.CreateContactWithOrganisation -->
    </test> <!-- Default test -->
  </suite> <!-- Default suite -->
</testng-results>
