<?xml version="1.0" encoding="UTF-8"?>
<testng-results ignored="0" total="3" passed="3" failed="0" skipped="0">
  <reporter-output>
  </reporter-output>
  <suite started-at="2021-11-02T17:24:15 IST" name="Default suite" finished-at="2021-11-02T17:24:15 IST" duration-ms="92">
    <groups>
    </groups>
    <test started-at="2021-11-02T17:24:15 IST" name="Default test" finished-at="2021-11-02T17:24:15 IST" duration-ms="92">
      <class name="com.vTiger.testcases.DataProvider">
        <test-method signature="getData(java.lang.String, double)[pri:0, instance:com.vTiger.testcases.DataProvider@1ffe63b9]" started-at="2021-11-02T17:24:15 IST" name="getData" data-provider="sendData" finished-at="2021-11-02T17:24:15 IST" duration-ms="12" status="PASS">
          <params>
            <param index="0">
              <value>
                <![CDATA[ACC_1]]>
              </value>
            </param>
            <param index="1">
              <value>
                <![CDATA[4565.0]]>
              </value>
            </param>
          </params>
          <reporter-output>
          </reporter-output>
        </test-method> <!-- getData -->
        <test-method signature="getData(java.lang.String, double)[pri:0, instance:com.vTiger.testcases.DataProvider@1ffe63b9]" started-at="2021-11-02T17:24:15 IST" name="getData" data-provider="sendData" finished-at="2021-11-02T17:24:15 IST" duration-ms="2" status="PASS">
          <params>
            <param index="0">
              <value>
                <![CDATA[ACC_2]]>
              </value>
            </param>
            <param index="1">
              <value>
                <![CDATA[4565]]>
              </value>
            </param>
          </params>
          <reporter-output>
          </reporter-output>
        </test-method> <!-- getData -->
        <test-method signature="getData(java.lang.String, double)[pri:0, instance:com.vTiger.testcases.DataProvider@1ffe63b9]" started-at="2021-11-02T17:24:15 IST" name="getData" data-provider="sendData" finished-at="2021-11-02T17:24:15 IST" duration-ms="2" status="PASS">
          <params>
            <param index="0">
              <value>
                <![CDATA[ACC_3]]>
              </value>
            </param>
            <param index="1">
              <value>
                <![CDATA[465.0]]>
              </value>
            </param>
          </params>
          <reporter-output>
          </reporter-output>
        </test-method> <!-- getData -->
      </class> <!-- com.vTiger.testcases.DataProvider -->
    </test> <!-- Default test -->
  </suite> <!-- Default suite -->
</testng-results>
