<?xml version="1.0" encoding="UTF-8"?>
<!-- Generated by org.testng.reporters.JUnitXMLReporter -->
<testsuite ignored="1" hostname="LAPTOP-DK6TK74Q" failures="0" tests="1" name="Test" time="38.379" errors="0" timestamp="2021-11-01T17:43:53 IST">
  <testcase classname="com.vTiger.testcases.OrganisationTest" name="createOrganisationWithIndustry" time="14.574"/>
  <testcase classname="com.vTiger.testcases.OrganisationTest" name="createOrganisationTest" time="0.0">
    <ignored/>
  </testcase> <!-- createOrganisationTest -->
</testsuite> <!-- Test -->
